<?xml version="1.0" encoding="UTF-8"?>
<testng-results skipped="0" failed="2" ignored="0" total="5" passed="3">
  <reporter-output>
  </reporter-output>
  <suite name="Challenge Test Suite" duration-ms="82165" started-at="2020-07-25T18:09:11 ART" finished-at="2020-07-25T18:10:33 ART">
    <groups>
    </groups>
    <test name="Test Challenge" duration-ms="82165" started-at="2020-07-25T18:09:11 ART" finished-at="2020-07-25T18:10:33 ART">
      <class name="org.challenge.TestFrontEnd">
        <test-method status="PASS" signature="generalTestSetup(java.lang.String, java.lang.String)[pri:0, instance:org.challenge.TestFrontEnd@5a8ab2]" name="generalTestSetup" is-config="true" duration-ms="1014" started-at="2020-07-25T18:09:11 ART" finished-at="2020-07-25T18:09:12 ART">
          <params>
            <param index="0">
              <value is-null="true"/>
            </param>
            <param index="1">
              <value is-null="true"/>
            </param>
          </params>
          <reporter-output>
          </reporter-output>
        </test-method> <!-- generalTestSetup -->
        <test-method status="PASS" signature="setDriver()[pri:0, instance:org.challenge.TestFrontEnd@5a8ab2]" name="setDriver" is-config="true" duration-ms="14325" started-at="2020-07-25T18:09:12 ART" finished-at="2020-07-25T18:09:26 ART">
          <reporter-output>
          </reporter-output>
        </test-method> <!-- setDriver -->
        <test-method status="PASS" signature="login()[pri:0, instance:org.challenge.TestFrontEnd@5a8ab2]" name="login" is-config="true" duration-ms="4994" started-at="2020-07-25T18:09:26 ART" finished-at="2020-07-25T18:09:31 ART">
          <reporter-output>
          </reporter-output>
        </test-method> <!-- login -->
        <test-method status="FAIL" signature="test_createItem()[pri:0, instance:org.challenge.TestFrontEnd@5a8ab2]" name="test_createItem" duration-ms="2375" started-at="2020-07-25T18:09:31 ART" finished-at="2020-07-25T18:09:34 ART">
          <exception class="java.lang.AssertionError">
            <message>
              <![CDATA[Create Item button is not enabled. did not expect to find [true] but found [false]]]>
            </message>
            <full-stacktrace>
              <![CDATA[java.lang.AssertionError: Create Item button is not enabled. did not expect to find [true] but found [false]
at org.testng.Assert.fail(Assert.java:97)
at org.testng.Assert.failNotEquals(Assert.java:969)
at org.testng.Assert.assertTrue(Assert.java:43)
at org.challenge.TestFrontEnd.test_createItem(TestFrontEnd.java:47)
at sun.reflect.NativeMethodAccessorImpl.invoke0(Native Method)
at sun.reflect.NativeMethodAccessorImpl.invoke(NativeMethodAccessorImpl.java:62)
at sun.reflect.DelegatingMethodAccessorImpl.invoke(DelegatingMethodAccessorImpl.java:43)
at java.lang.reflect.Method.invoke(Method.java:498)
at org.testng.internal.MethodInvocationHelper.invokeMethod(MethodInvocationHelper.java:133)
at org.testng.internal.TestInvoker.invokeMethod(TestInvoker.java:584)
at org.testng.internal.TestInvoker.invokeTestMethod(TestInvoker.java:172)
at org.testng.internal.MethodRunner.runInSequence(MethodRunner.java:46)
at org.testng.internal.TestInvoker$MethodInvocationAgent.invoke(TestInvoker.java:804)
at org.testng.internal.TestInvoker.invokeTestMethods(TestInvoker.java:145)
at org.testng.internal.TestMethodWorker.invokeTestMethods(TestMethodWorker.java:146)
at org.testng.internal.TestMethodWorker.run(TestMethodWorker.java:128)
at java.util.ArrayList.forEach(ArrayList.java:1257)
at org.testng.TestRunner.privateRun(TestRunner.java:770)
at org.testng.TestRunner.run(TestRunner.java:591)
at org.testng.SuiteRunner.runTest(SuiteRunner.java:402)
at org.testng.SuiteRunner.runSequentially(SuiteRunner.java:396)
at org.testng.SuiteRunner.privateRun(SuiteRunner.java:355)
at org.testng.SuiteRunner.run(SuiteRunner.java:304)
at org.testng.SuiteRunnerWorker.runSuite(SuiteRunnerWorker.java:53)
at org.testng.SuiteRunnerWorker.run(SuiteRunnerWorker.java:96)
at org.testng.TestNG.runSuitesSequentially(TestNG.java:1180)
at org.testng.TestNG.runSuitesLocally(TestNG.java:1102)
at org.testng.TestNG.runSuites(TestNG.java:1032)
at org.testng.TestNG.run(TestNG.java:1000)
at org.apache.maven.surefire.testng.TestNGExecutor.run(TestNGExecutor.java:295)
at org.apache.maven.surefire.testng.TestNGXmlTestSuite.execute(TestNGXmlTestSuite.java:84)
at org.apache.maven.surefire.testng.TestNGProvider.invoke(TestNGProvider.java:90)
at sun.reflect.NativeMethodAccessorImpl.invoke0(Native Method)
at sun.reflect.NativeMethodAccessorImpl.invoke(NativeMethodAccessorImpl.java:62)
at sun.reflect.DelegatingMethodAccessorImpl.invoke(DelegatingMethodAccessorImpl.java:43)
at java.lang.reflect.Method.invoke(Method.java:498)
at org.apache.maven.surefire.util.ReflectionUtils.invokeMethodWithArray2(ReflectionUtils.java:208)
at org.apache.maven.surefire.booter.ProviderFactory$ProviderProxy.invoke(ProviderFactory.java:155)
at org.apache.maven.surefire.booter.ProviderFactory.invokeProvider(ProviderFactory.java:81)
at org.apache.maven.plugin.surefire.InPluginVMSurefireStarter.runSuitesInProcess(InPluginVMSurefireStarter.java:82)
at org.apache.maven.plugin.surefire.AbstractSurefireMojo.executeProvider(AbstractSurefireMojo.java:974)
at org.apache.maven.plugin.surefire.AbstractSurefireMojo.executeAfterPreconditionsChecked(AbstractSurefireMojo.java:824)
at org.apache.maven.plugin.surefire.AbstractSurefireMojo.execute(AbstractSurefireMojo.java:722)
at org.apache.maven.plugin.DefaultBuildPluginManager.executeMojo(DefaultBuildPluginManager.java:137)
at org.apache.maven.lifecycle.internal.MojoExecutor.execute(MojoExecutor.java:210)
at org.apache.maven.lifecycle.internal.MojoExecutor.execute(MojoExecutor.java:156)
at org.apache.maven.lifecycle.internal.MojoExecutor.execute(MojoExecutor.java:148)
at org.apache.maven.lifecycle.internal.LifecycleModuleBuilder.buildProject(LifecycleModuleBuilder.java:117)
at org.apache.maven.lifecycle.internal.LifecycleModuleBuilder.buildProject(LifecycleModuleBuilder.java:81)
at org.apache.maven.lifecycle.internal.builder.singlethreaded.SingleThreadedBuilder.build(SingleThreadedBuilder.java:56)
at org.apache.maven.lifecycle.internal.LifecycleStarter.execute(LifecycleStarter.java:128)
at org.apache.maven.DefaultMaven.doExecute(DefaultMaven.java:305)
at org.apache.maven.DefaultMaven.doExecute(DefaultMaven.java:192)
at org.apache.maven.DefaultMaven.execute(DefaultMaven.java:105)
at org.apache.maven.cli.MavenCli.execute(MavenCli.java:957)
at org.apache.maven.cli.MavenCli.doMain(MavenCli.java:289)
at org.apache.maven.cli.MavenCli.main(MavenCli.java:193)
at sun.reflect.NativeMethodAccessorImpl.invoke0(Native Method)
at sun.reflect.NativeMethodAccessorImpl.invoke(NativeMethodAccessorImpl.java:62)
at sun.reflect.DelegatingMethodAccessorImpl.invoke(DelegatingMethodAccessorImpl.java:43)
at java.lang.reflect.Method.invoke(Method.java:498)
at org.codehaus.plexus.classworlds.launcher.Launcher.launchEnhanced(Launcher.java:282)
at org.codehaus.plexus.classworlds.launcher.Launcher.launch(Launcher.java:225)
at org.codehaus.plexus.classworlds.launcher.Launcher.mainWithExitCode(Launcher.java:406)
at org.codehaus.plexus.classworlds.launcher.Launcher.main(Launcher.java:347)
]]>
            </full-stacktrace>
          </exception> <!-- java.lang.AssertionError -->
          <reporter-output>
          </reporter-output>
        </test-method> <!-- test_createItem -->
        <test-method status="PASS" signature="invokeScreenshotOnFailure(org.testng.ITestResult)[pri:0, instance:org.challenge.TestFrontEnd@5a8ab2]" name="invokeScreenshotOnFailure" is-config="true" duration-ms="1013" started-at="2020-07-25T18:09:34 ART" finished-at="2020-07-25T18:09:35 ART">
          <params>
            <param index="0">
              <value>
                <![CDATA[[TestResult name=test_createItem status=FAILURE method=TestFrontEnd.test_createItem()[pri:0, instance:org.challenge.TestFrontEnd@5a8ab2] output={null}]]]>
              </value>
            </param>
          </params>
          <reporter-output>
          </reporter-output>
        </test-method> <!-- invokeScreenshotOnFailure -->
        <test-method status="PASS" signature="setDriver()[pri:0, instance:org.challenge.TestFrontEnd@5a8ab2]" name="setDriver" is-config="true" duration-ms="8405" started-at="2020-07-25T18:09:35 ART" finished-at="2020-07-25T18:09:43 ART">
          <reporter-output>
          </reporter-output>
        </test-method> <!-- setDriver -->
        <test-method status="PASS" signature="login()[pri:0, instance:org.challenge.TestFrontEnd@5a8ab2]" name="login" is-config="true" duration-ms="4019" started-at="2020-07-25T18:09:43 ART" finished-at="2020-07-25T18:09:47 ART">
          <reporter-output>
          </reporter-output>
        </test-method> <!-- login -->
        <test-method status="FAIL" signature="test_deleteItem()[pri:0, instance:org.challenge.TestFrontEnd@5a8ab2]" name="test_deleteItem" duration-ms="525" started-at="2020-07-25T18:09:47 ART" finished-at="2020-07-25T18:09:48 ART">
          <exception class="java.lang.AssertionError">
            <message>
              <![CDATA[Not found the card to delete with text: Stranger Things - Simpsons Style 200725060910 expected object to not be null]]>
            </message>
            <full-stacktrace>
              <![CDATA[java.lang.AssertionError: Not found the card to delete with text: Stranger Things - Simpsons Style 200725060910 expected object to not be null
at org.testng.Assert.fail(Assert.java:97)
at org.testng.Assert.assertNotNull(Assert.java:874)
at org.challenge.TestFrontEnd.test_deleteItem(TestFrontEnd.java:97)
at sun.reflect.NativeMethodAccessorImpl.invoke0(Native Method)
at sun.reflect.NativeMethodAccessorImpl.invoke(NativeMethodAccessorImpl.java:62)
at sun.reflect.DelegatingMethodAccessorImpl.invoke(DelegatingMethodAccessorImpl.java:43)
at java.lang.reflect.Method.invoke(Method.java:498)
at org.testng.internal.MethodInvocationHelper.invokeMethod(MethodInvocationHelper.java:133)
at org.testng.internal.TestInvoker.invokeMethod(TestInvoker.java:584)
at org.testng.internal.TestInvoker.invokeTestMethod(TestInvoker.java:172)
at org.testng.internal.MethodRunner.runInSequence(MethodRunner.java:46)
at org.testng.internal.TestInvoker$MethodInvocationAgent.invoke(TestInvoker.java:804)
at org.testng.internal.TestInvoker.invokeTestMethods(TestInvoker.java:145)
at org.testng.internal.TestMethodWorker.invokeTestMethods(TestMethodWorker.java:146)
at org.testng.internal.TestMethodWorker.run(TestMethodWorker.java:128)
at java.util.ArrayList.forEach(ArrayList.java:1257)
at org.testng.TestRunner.privateRun(TestRunner.java:770)
at org.testng.TestRunner.run(TestRunner.java:591)
at org.testng.SuiteRunner.runTest(SuiteRunner.java:402)
at org.testng.SuiteRunner.runSequentially(SuiteRunner.java:396)
at org.testng.SuiteRunner.privateRun(SuiteRunner.java:355)
at org.testng.SuiteRunner.run(SuiteRunner.java:304)
at org.testng.SuiteRunnerWorker.runSuite(SuiteRunnerWorker.java:53)
at org.testng.SuiteRunnerWorker.run(SuiteRunnerWorker.java:96)
at org.testng.TestNG.runSuitesSequentially(TestNG.java:1180)
at org.testng.TestNG.runSuitesLocally(TestNG.java:1102)
at org.testng.TestNG.runSuites(TestNG.java:1032)
at org.testng.TestNG.run(TestNG.java:1000)
at org.apache.maven.surefire.testng.TestNGExecutor.run(TestNGExecutor.java:295)
at org.apache.maven.surefire.testng.TestNGXmlTestSuite.execute(TestNGXmlTestSuite.java:84)
at org.apache.maven.surefire.testng.TestNGProvider.invoke(TestNGProvider.java:90)
at sun.reflect.NativeMethodAccessorImpl.invoke0(Native Method)
at sun.reflect.NativeMethodAccessorImpl.invoke(NativeMethodAccessorImpl.java:62)
at sun.reflect.DelegatingMethodAccessorImpl.invoke(DelegatingMethodAccessorImpl.java:43)
at java.lang.reflect.Method.invoke(Method.java:498)
at org.apache.maven.surefire.util.ReflectionUtils.invokeMethodWithArray2(ReflectionUtils.java:208)
at org.apache.maven.surefire.booter.ProviderFactory$ProviderProxy.invoke(ProviderFactory.java:155)
at org.apache.maven.surefire.booter.ProviderFactory.invokeProvider(ProviderFactory.java:81)
at org.apache.maven.plugin.surefire.InPluginVMSurefireStarter.runSuitesInProcess(InPluginVMSurefireStarter.java:82)
at org.apache.maven.plugin.surefire.AbstractSurefireMojo.executeProvider(AbstractSurefireMojo.java:974)
at org.apache.maven.plugin.surefire.AbstractSurefireMojo.executeAfterPreconditionsChecked(AbstractSurefireMojo.java:824)
at org.apache.maven.plugin.surefire.AbstractSurefireMojo.execute(AbstractSurefireMojo.java:722)
at org.apache.maven.plugin.DefaultBuildPluginManager.executeMojo(DefaultBuildPluginManager.java:137)
at org.apache.maven.lifecycle.internal.MojoExecutor.execute(MojoExecutor.java:210)
at org.apache.maven.lifecycle.internal.MojoExecutor.execute(MojoExecutor.java:156)
at org.apache.maven.lifecycle.internal.MojoExecutor.execute(MojoExecutor.java:148)
at org.apache.maven.lifecycle.internal.LifecycleModuleBuilder.buildProject(LifecycleModuleBuilder.java:117)
at org.apache.maven.lifecycle.internal.LifecycleModuleBuilder.buildProject(LifecycleModuleBuilder.java:81)
at org.apache.maven.lifecycle.internal.builder.singlethreaded.SingleThreadedBuilder.build(SingleThreadedBuilder.java:56)
at org.apache.maven.lifecycle.internal.LifecycleStarter.execute(LifecycleStarter.java:128)
at org.apache.maven.DefaultMaven.doExecute(DefaultMaven.java:305)
at org.apache.maven.DefaultMaven.doExecute(DefaultMaven.java:192)
at org.apache.maven.DefaultMaven.execute(DefaultMaven.java:105)
at org.apache.maven.cli.MavenCli.execute(MavenCli.java:957)
at org.apache.maven.cli.MavenCli.doMain(MavenCli.java:289)
at org.apache.maven.cli.MavenCli.main(MavenCli.java:193)
at sun.reflect.NativeMethodAccessorImpl.invoke0(Native Method)
at sun.reflect.NativeMethodAccessorImpl.invoke(NativeMethodAccessorImpl.java:62)
at sun.reflect.DelegatingMethodAccessorImpl.invoke(DelegatingMethodAccessorImpl.java:43)
at java.lang.reflect.Method.invoke(Method.java:498)
at org.codehaus.plexus.classworlds.launcher.Launcher.launchEnhanced(Launcher.java:282)
at org.codehaus.plexus.classworlds.launcher.Launcher.launch(Launcher.java:225)
at org.codehaus.plexus.classworlds.launcher.Launcher.mainWithExitCode(Launcher.java:406)
at org.codehaus.plexus.classworlds.launcher.Launcher.main(Launcher.java:347)
]]>
            </full-stacktrace>
          </exception> <!-- java.lang.AssertionError -->
          <reporter-output>
          </reporter-output>
        </test-method> <!-- test_deleteItem -->
        <test-method status="PASS" signature="invokeScreenshotOnFailure(org.testng.ITestResult)[pri:0, instance:org.challenge.TestFrontEnd@5a8ab2]" name="invokeScreenshotOnFailure" is-config="true" duration-ms="1030" started-at="2020-07-25T18:09:48 ART" finished-at="2020-07-25T18:09:49 ART">
          <params>
            <param index="0">
              <value>
                <![CDATA[[TestResult name=test_deleteItem status=FAILURE method=TestFrontEnd.test_deleteItem()[pri:0, instance:org.challenge.TestFrontEnd@5a8ab2] output={null}]]]>
              </value>
            </param>
          </params>
          <reporter-output>
          </reporter-output>
        </test-method> <!-- invokeScreenshotOnFailure -->
        <test-method status="PASS" signature="setDriver()[pri:0, instance:org.challenge.TestFrontEnd@5a8ab2]" name="setDriver" is-config="true" duration-ms="7781" started-at="2020-07-25T18:09:49 ART" finished-at="2020-07-25T18:09:56 ART">
          <reporter-output>
          </reporter-output>
        </test-method> <!-- setDriver -->
        <test-method status="PASS" signature="login()[pri:0, instance:org.challenge.TestFrontEnd@5a8ab2]" name="login" is-config="true" duration-ms="3469" started-at="2020-07-25T18:09:56 ART" finished-at="2020-07-25T18:10:00 ART">
          <reporter-output>
          </reporter-output>
        </test-method> <!-- login -->
        <test-method status="PASS" signature="test_editItem()[pri:0, instance:org.challenge.TestFrontEnd@5a8ab2]" name="test_editItem" duration-ms="1281" started-at="2020-07-25T18:10:00 ART" finished-at="2020-07-25T18:10:01 ART">
          <reporter-output>
          </reporter-output>
        </test-method> <!-- test_editItem -->
        <test-method status="PASS" signature="invokeScreenshotOnFailure(org.testng.ITestResult)[pri:0, instance:org.challenge.TestFrontEnd@5a8ab2]" name="invokeScreenshotOnFailure" is-config="true" duration-ms="228" started-at="2020-07-25T18:10:01 ART" finished-at="2020-07-25T18:10:01 ART">
          <params>
            <param index="0">
              <value>
                <![CDATA[[TestResult name=test_editItem status=SUCCESS method=TestFrontEnd.test_editItem()[pri:0, instance:org.challenge.TestFrontEnd@5a8ab2] output={null}]]]>
              </value>
            </param>
          </params>
          <reporter-output>
          </reporter-output>
        </test-method> <!-- invokeScreenshotOnFailure -->
        <test-method status="PASS" signature="setDriver()[pri:0, instance:org.challenge.TestFrontEnd@5a8ab2]" name="setDriver" is-config="true" duration-ms="7309" started-at="2020-07-25T18:10:01 ART" finished-at="2020-07-25T18:10:09 ART">
          <reporter-output>
          </reporter-output>
        </test-method> <!-- setDriver -->
        <test-method status="PASS" signature="login()[pri:0, instance:org.challenge.TestFrontEnd@5a8ab2]" name="login" is-config="true" duration-ms="3635" started-at="2020-07-25T18:10:09 ART" finished-at="2020-07-25T18:10:12 ART">
          <reporter-output>
          </reporter-output>
        </test-method> <!-- login -->
        <test-method status="PASS" signature="test_findItemWithText()[pri:0, instance:org.challenge.TestFrontEnd@5a8ab2]" name="test_findItemWithText" duration-ms="324" started-at="2020-07-25T18:10:12 ART" finished-at="2020-07-25T18:10:13 ART">
          <reporter-output>
          </reporter-output>
        </test-method> <!-- test_findItemWithText -->
        <test-method status="PASS" signature="invokeScreenshotOnFailure(org.testng.ITestResult)[pri:0, instance:org.challenge.TestFrontEnd@5a8ab2]" name="invokeScreenshotOnFailure" is-config="true" duration-ms="211" started-at="2020-07-25T18:10:13 ART" finished-at="2020-07-25T18:10:13 ART">
          <params>
            <param index="0">
              <value>
                <![CDATA[[TestResult name=test_findItemWithText status=SUCCESS method=TestFrontEnd.test_findItemWithText()[pri:0, instance:org.challenge.TestFrontEnd@5a8ab2] output={null}]]]>
              </value>
            </param>
          </params>
          <reporter-output>
          </reporter-output>
        </test-method> <!-- invokeScreenshotOnFailure -->
        <test-method status="PASS" signature="setDriver()[pri:0, instance:org.challenge.TestFrontEnd@5a8ab2]" name="setDriver" is-config="true" duration-ms="7408" started-at="2020-07-25T18:10:13 ART" finished-at="2020-07-25T18:10:20 ART">
          <reporter-output>
          </reporter-output>
        </test-method> <!-- setDriver -->
        <test-method status="PASS" signature="login()[pri:0, instance:org.challenge.TestFrontEnd@5a8ab2]" name="login" is-config="true" duration-ms="4857" started-at="2020-07-25T18:10:20 ART" finished-at="2020-07-25T18:10:25 ART">
          <reporter-output>
          </reporter-output>
        </test-method> <!-- login -->
        <test-method status="PASS" signature="test_maxDescription()[pri:0, instance:org.challenge.TestFrontEnd@5a8ab2]" name="test_maxDescription" duration-ms="7741" started-at="2020-07-25T18:10:25 ART" finished-at="2020-07-25T18:10:33 ART">
          <reporter-output>
          </reporter-output>
        </test-method> <!-- test_maxDescription -->
        <test-method status="PASS" signature="invokeScreenshotOnFailure(org.testng.ITestResult)[pri:0, instance:org.challenge.TestFrontEnd@5a8ab2]" name="invokeScreenshotOnFailure" is-config="true" duration-ms="134" started-at="2020-07-25T18:10:33 ART" finished-at="2020-07-25T18:10:33 ART">
          <params>
            <param index="0">
              <value>
                <![CDATA[[TestResult name=test_maxDescription status=SUCCESS method=TestFrontEnd.test_maxDescription()[pri:0, instance:org.challenge.TestFrontEnd@5a8ab2] output={null}]]]>
              </value>
            </param>
          </params>
          <reporter-output>
          </reporter-output>
        </test-method> <!-- invokeScreenshotOnFailure -->
      </class> <!-- org.challenge.TestFrontEnd -->
    </test> <!-- Test Challenge -->
  </suite> <!-- Challenge Test Suite -->
</testng-results>
